This is pdfTeX, Version 3.14159265-2.6-1.40.18 (TeX Live 2017/Debian) (preloaded format=pdflatex 2019.6.28)  15 FEB 2020 18:34
entering extended mode
 restricted \write18 enabled.
 %&-line parsing enabled.
**paper.tex
(./paper.tex
LaTeX2e <2017-04-15>
Babel <3.18> and hyphenation patterns for 3 language(s) loaded.
(/usr/share/texlive/texmf-dist/tex/latex/base/article.cls
Document Class: article 2014/09/29 v1.4h Standard LaTeX document class
(/usr/share/texlive/texmf-dist/tex/latex/base/size12.clo
File: size12.clo 2014/09/29 v1.4h Standard LaTeX file (size option)
)
\c@part=\count79
\c@section=\count80
\c@subsection=\count81
\c@subsubsection=\count82
\c@paragraph=\count83
\c@subparagraph=\count84
\c@figure=\count85
\c@table=\count86
\abovecaptionskip=\skip41
\belowcaptionskip=\skip42
\bibindent=\dimen102
)
(/usr/share/texlive/texmf-dist/tex/latex/biblatex/biblatex.sty
Package: biblatex 2017/12/19 v3.10 programmable bibliographies (PK/JW/AB)

(/usr/share/texlive/texmf-dist/tex/generic/oberdiek/pdftexcmds.sty
Package: pdftexcmds 2018/01/21 v0.26 Utility functions of pdfTeX for LuaTeX (HO
)

(/usr/share/texlive/texmf-dist/tex/generic/oberdiek/infwarerr.sty
Package: infwarerr 2016/05/16 v1.4 Providing info/warning/error messages (HO)
)
(/usr/share/texlive/texmf-dist/tex/generic/oberdiek/ifluatex.sty
Package: ifluatex 2016/05/16 v1.4 Provides the ifluatex switch (HO)
Package ifluatex Info: LuaTeX not detected.
)
(/usr/share/texlive/texmf-dist/tex/generic/oberdiek/ltxcmds.sty
Package: ltxcmds 2016/05/16 v1.23 LaTeX kernel commands for general use (HO)
)
(/usr/share/texlive/texmf-dist/tex/generic/oberdiek/ifpdf.sty
Package: ifpdf 2017/03/15 v3.2 Provides the ifpdf switch
)
Package pdftexcmds Info: LuaTeX not detected.
Package pdftexcmds Info: \pdf@primitive is available.
Package pdftexcmds Info: \pdf@ifprimitive is available.
Package pdftexcmds Info: \pdfdraftmode found.
)
(/usr/share/texlive/texmf-dist/tex/latex/etoolbox/etoolbox.sty
Package: etoolbox 2018/02/11 v2.5e e-TeX tools for LaTeX (JAW)
\etb@tempcnta=\count87
)
(/usr/share/texlive/texmf-dist/tex/latex/graphics/keyval.sty
Package: keyval 2014/10/28 v1.15 key=value parser (DPC)
\KV@toks@=\toks14
)
(/usr/share/texlive/texmf-dist/tex/latex/oberdiek/kvoptions.sty
Package: kvoptions 2016/05/16 v3.12 Key value format for package options (HO)

(/usr/share/texlive/texmf-dist/tex/generic/oberdiek/kvsetkeys.sty
Package: kvsetkeys 2016/05/16 v1.17 Key value parser (HO)

(/usr/share/texlive/texmf-dist/tex/generic/oberdiek/etexcmds.sty
Package: etexcmds 2016/05/16 v1.6 Avoid name clashes with e-TeX commands (HO)
Package etexcmds Info: Could not find \expanded.
(etexcmds)             That can mean that you are not using pdfTeX 1.50 or
(etexcmds)             that some package has redefined \expanded.
(etexcmds)             In the latter case, load this package earlier.
)))
(/usr/share/texlive/texmf-dist/tex/latex/logreq/logreq.sty
Package: logreq 2010/08/04 v1.0 xml request logger
\lrq@indent=\count88

(/usr/share/texlive/texmf-dist/tex/latex/logreq/logreq.def
File: logreq.def 2010/08/04 v1.0 logreq spec v1.0
))
(/usr/share/texlive/texmf-dist/tex/latex/base/ifthen.sty
Package: ifthen 2014/09/29 v1.1c Standard LaTeX ifthen package (DPC)
)
(/usr/share/texlive/texmf-dist/tex/latex/url/url.sty
\Urlmuskip=\muskip10
Package: url 2013/09/16  ver 3.4  Verb mode for urls, etc.
)
(/usr/share/texlive/texmf-dist/tex/generic/xstring/xstring.sty
(/usr/share/texlive/texmf-dist/tex/generic/xstring/xstring.tex
\@xs@message=\write3
\integerpart=\count89
\decimalpart=\count90
)
Package: xstring 2013/10/13  v1.7c  String manipulations (C Tellechea)
)
\c@tabx@nest=\count91
\c@listtotal=\count92
\c@listcount=\count93
\c@liststart=\count94
\c@liststop=\count95
\c@citecount=\count96
\c@citetotal=\count97
\c@multicitecount=\count98
\c@multicitetotal=\count99
\c@instcount=\count100
\c@maxnames=\count101
\c@minnames=\count102
\c@maxitems=\count103
\c@minitems=\count104
\c@citecounter=\count105
\c@savedcitecounter=\count106
\c@uniquelist=\count107
\c@uniquename=\count108
\c@refsection=\count109
\c@refsegment=\count110
\c@maxextratitle=\count111
\c@maxextratitleyear=\count112
\c@maxextradate=\count113
\c@maxextraalpha=\count114
\c@abbrvpenalty=\count115
\c@highnamepenalty=\count116
\c@lownamepenalty=\count117
\c@maxparens=\count118
\c@parenlevel=\count119
\blx@tempcnta=\count120
\blx@tempcntb=\count121
\blx@tempcntc=\count122
\blx@maxsection=\count123
\blx@maxsegment@0=\count124
\blx@notetype=\count125
\blx@parenlevel@text=\count126
\blx@parenlevel@foot=\count127
\blx@sectionciteorder@0=\count128
\labelnumberwidth=\skip43
\labelalphawidth=\skip44
\biblabelsep=\skip45
\bibitemsep=\skip46
\bibnamesep=\skip47
\bibinitsep=\skip48
\bibparsep=\skip49
\bibhang=\skip50
\blx@bcfin=\read1
\blx@bcfout=\write4
\c@mincomprange=\count129
\c@maxcomprange=\count130
\c@mincompwidth=\count131
Package biblatex Info: Trying to load biblatex default data model...
Package biblatex Info: ... file 'blx-dm.def' found.

(/usr/share/texlive/texmf-dist/tex/latex/biblatex/blx-dm.def)
Package biblatex Info: Trying to load biblatex custom data model...
Package biblatex Info: ... file 'biblatex-dm.cfg' not found.
\c@afterword=\count132
\c@savedafterword=\count133
\c@annotator=\count134
\c@savedannotator=\count135
\c@author=\count136
\c@savedauthor=\count137
\c@bookauthor=\count138
\c@savedbookauthor=\count139
\c@commentator=\count140
\c@savedcommentator=\count141
\c@editor=\count142
\c@savededitor=\count143
\c@editora=\count144
\c@savededitora=\count145
\c@editorb=\count146
\c@savededitorb=\count147
\c@editorc=\count148
\c@savededitorc=\count149
\c@foreword=\count150
\c@savedforeword=\count151
\c@holder=\count152
\c@savedholder=\count153
\c@introduction=\count154
\c@savedintroduction=\count155
\c@namea=\count156
\c@savednamea=\count157
\c@nameb=\count158
\c@savednameb=\count159
\c@namec=\count160
\c@savednamec=\count161
\c@translator=\count162
\c@savedtranslator=\count163
\c@shortauthor=\count164
\c@savedshortauthor=\count165
\c@shorteditor=\count166
\c@savedshorteditor=\count167
\c@labelname=\count168
\c@savedlabelname=\count169
\c@institution=\count170
\c@savedinstitution=\count171
\c@lista=\count172
\c@savedlista=\count173
\c@listb=\count174
\c@savedlistb=\count175
\c@listc=\count176
\c@savedlistc=\count177
\c@listd=\count178
\c@savedlistd=\count179
\c@liste=\count180
\c@savedliste=\count181
\c@listf=\count182
\c@savedlistf=\count183
\c@location=\count184
\c@savedlocation=\count185
\c@organization=\count186
\c@savedorganization=\count187
\c@origlocation=\count188
\c@savedoriglocation=\count189
\c@origpublisher=\count190
\c@savedorigpublisher=\count191
\c@publisher=\count192
\c@savedpublisher=\count193
\c@language=\count194
\c@savedlanguage=\count195
\c@origlanguage=\count196
\c@savedoriglanguage=\count197
\c@pageref=\count198
\c@savedpageref=\count199
\shorthandwidth=\skip51
\shortjournalwidth=\skip52
\shortserieswidth=\skip53
\shorttitlewidth=\skip54
\shortauthorwidth=\skip55
\shorteditorwidth=\skip56
Package biblatex Info: Trying to load compatibility code...
Package biblatex Info: ... file 'blx-compat.def' found.

(/usr/share/texlive/texmf-dist/tex/latex/biblatex/blx-compat.def
File: blx-compat.def 2017/12/19 v3.10 biblatex compatibility (PK/JW/AB)
)
Package biblatex Info: Trying to load generic definitions...
Package biblatex Info: ... file 'biblatex.def' found.

(/usr/share/texlive/texmf-dist/tex/latex/biblatex/biblatex.def
File: biblatex.def 2017/12/19 v3.10 biblatex compatibility (PK/JW/AB)
\c@textcitecount=\count266
\c@textcitetotal=\count267
\c@textcitemaxnames=\count268
\c@biburlnumpenalty=\count269
\c@biburlucpenalty=\count270
\c@biburllcpenalty=\count271
\c@smartand=\count272
)
Package biblatex Info: Trying to load bibliography style 'numeric'...
Package biblatex Info: ... file 'numeric.bbx' found.

(/usr/share/texlive/texmf-dist/tex/latex/biblatex/bbx/numeric.bbx
File: numeric.bbx 2017/12/19 v3.10 biblatex bibliography style (PK/JW/AB)
Package biblatex Info: Trying to load bibliography style 'standard'...
Package biblatex Info: ... file 'standard.bbx' found.

(/usr/share/texlive/texmf-dist/tex/latex/biblatex/bbx/standard.bbx
File: standard.bbx 2017/12/19 v3.10 biblatex bibliography style (PK/JW/AB)
\c@bbx:relatedcount=\count273
\c@bbx:relatedtotal=\count274
))
Package biblatex Info: Trying to load citation style 'numeric'...
Package biblatex Info: ... file 'numeric.cbx' found.

(/usr/share/texlive/texmf-dist/tex/latex/biblatex/cbx/numeric.cbx
File: numeric.cbx 2017/12/19 v3.10 biblatex citation style (PK/JW/AB)
Package biblatex Info: Redefining '\cite'.
Package biblatex Info: Redefining '\parencite'.
Package biblatex Info: Redefining '\footcite'.
Package biblatex Info: Redefining '\footcitetext'.
Package biblatex Info: Redefining '\smartcite'.
Package biblatex Info: Redefining '\supercite'.
Package biblatex Info: Redefining '\textcite'.
Package biblatex Info: Redefining '\textcites'.
Package biblatex Info: Redefining '\cites'.
Package biblatex Info: Redefining '\parencites'.
Package biblatex Info: Redefining '\smartcites'.
)
Package biblatex Info: Trying to load configuration file...
Package biblatex Info: ... file 'biblatex.cfg' found.

(/usr/share/texlive/texmf-dist/tex/latex/biblatex/biblatex.cfg
File: biblatex.cfg 
))
(/usr/share/texlive/texmf-dist/tex/latex/tools/multicol.sty
Package: multicol 2017/04/11 v1.8q multicolumn formatting (FMi)
\c@tracingmulticols=\count275
\mult@box=\box26
\multicol@leftmargin=\dimen103
\c@unbalance=\count276
\c@collectmore=\count277
\doublecol@number=\count278
\multicoltolerance=\count279
\multicolpretolerance=\count280
\full@width=\dimen104
\page@free=\dimen105
\premulticols=\dimen106
\postmulticols=\dimen107
\multicolsep=\skip57
\multicolbaselineskip=\skip58
\partial@page=\box27
\last@line=\box28
\maxbalancingoverflow=\dimen108
\mult@rightbox=\box29
\mult@grightbox=\box30
\mult@gfirstbox=\box31
\mult@firstbox=\box32
\@tempa=\box33
\@tempa=\box34
\@tempa=\box35
\@tempa=\box36
\@tempa=\box37
\@tempa=\box38
\@tempa=\box39
\@tempa=\box40
\@tempa=\box41
\@tempa=\box42
\@tempa=\box43
\@tempa=\box44
\@tempa=\box45
\@tempa=\box46
\@tempa=\box47
\@tempa=\box48
\@tempa=\box49
\c@columnbadness=\count281
\c@finalcolumnbadness=\count282
\last@try=\dimen109
\multicolovershoot=\dimen110
\multicolundershoot=\dimen111
\mult@nat@firstbox=\box50
\colbreak@box=\box51
\mc@col@check@num=\count283
)
(/usr/share/texlive/texmf-dist/tex/latex/amsfonts/amsfonts.sty
Package: amsfonts 2013/01/14 v3.01 Basic AMSFonts support
\@emptytoks=\toks15
\symAMSa=\mathgroup4
\symAMSb=\mathgroup5
LaTeX Font Info:    Overwriting math alphabet `\mathfrak' in version `bold'
(Font)                  U/euf/m/n --> U/euf/b/n on input line 106.
)
(/usr/share/texlive/texmf-dist/tex/latex/amsmath/amsmath.sty
Package: amsmath 2017/09/02 v2.17a AMS math features
\@mathmargin=\skip59

For additional information on amsmath, use the `?' option.
(/usr/share/texlive/texmf-dist/tex/latex/amsmath/amstext.sty
Package: amstext 2000/06/29 v2.01 AMS text

(/usr/share/texlive/texmf-dist/tex/latex/amsmath/amsgen.sty
File: amsgen.sty 1999/11/30 v2.0 generic functions
\@emptytoks=\toks16
\ex@=\dimen112
))
(/usr/share/texlive/texmf-dist/tex/latex/amsmath/amsbsy.sty
Package: amsbsy 1999/11/29 v1.2d Bold Symbols
\pmbraise@=\dimen113
)
(/usr/share/texlive/texmf-dist/tex/latex/amsmath/amsopn.sty
Package: amsopn 2016/03/08 v2.02 operator names
)
\inf@bad=\count284
LaTeX Info: Redefining \frac on input line 213.
\uproot@=\count285
\leftroot@=\count286
LaTeX Info: Redefining \overline on input line 375.
\classnum@=\count287
\DOTSCASE@=\count288
LaTeX Info: Redefining \ldots on input line 472.
LaTeX Info: Redefining \dots on input line 475.
LaTeX Info: Redefining \cdots on input line 596.
\Mathstrutbox@=\box52
\strutbox@=\box53
\big@size=\dimen114
LaTeX Font Info:    Redeclaring font encoding OML on input line 712.
LaTeX Font Info:    Redeclaring font encoding OMS on input line 713.
\macc@depth=\count289
\c@MaxMatrixCols=\count290
\dotsspace@=\muskip11
\c@parentequation=\count291
\dspbrk@lvl=\count292
\tag@help=\toks17
\row@=\count293
\column@=\count294
\maxfields@=\count295
\andhelp@=\toks18
\eqnshift@=\dimen115
\alignsep@=\dimen116
\tagshift@=\dimen117
\tagwidth@=\dimen118
\totwidth@=\dimen119
\lineht@=\dimen120
\@envbody=\toks19
\multlinegap=\skip60
\multlinetaggap=\skip61
\mathdisplay@stack=\toks20
LaTeX Info: Redefining \[ on input line 2817.
LaTeX Info: Redefining \] on input line 2818.
)
(/usr/share/texlive/texmf-dist/tex/latex/xcolor/xcolor.sty
Package: xcolor 2016/05/11 v2.12 LaTeX color extensions (UK)

(/usr/share/texlive/texmf-dist/tex/latex/graphics-cfg/color.cfg
File: color.cfg 2016/01/02 v1.6 sample color configuration
)
Package xcolor Info: Driver file: pdftex.def on input line 225.

(/usr/share/texlive/texmf-dist/tex/latex/graphics-def/pdftex.def
File: pdftex.def 2018/01/08 v1.0l Graphics/color driver for pdftex
)
Package xcolor Info: Model `cmy' substituted by `cmy0' on input line 1348.
Package xcolor Info: Model `hsb' substituted by `rgb' on input line 1352.
Package xcolor Info: Model `RGB' extended on input line 1364.
Package xcolor Info: Model `HTML' substituted by `rgb' on input line 1366.
Package xcolor Info: Model `Hsb' substituted by `hsb' on input line 1367.
Package xcolor Info: Model `tHsb' substituted by `hsb' on input line 1368.
Package xcolor Info: Model `HSB' substituted by `hsb' on input line 1369.
Package xcolor Info: Model `Gray' substituted by `gray' on input line 1370.
Package xcolor Info: Model `wave' substituted by `hsb' on input line 1371.
)
(/usr/share/texlive/texmf-dist/tex/latex/listings/listings.sty
\lst@mode=\count296
\lst@gtempboxa=\box54
\lst@token=\toks21
\lst@length=\count297
\lst@currlwidth=\dimen121
\lst@column=\count298
\lst@pos=\count299
\lst@lostspace=\dimen122
\lst@width=\dimen123
\lst@newlines=\count300
\lst@lineno=\count301
\lst@maxwidth=\dimen124

(/usr/share/texlive/texmf-dist/tex/latex/listings/lstmisc.sty
File: lstmisc.sty 2015/06/04 1.6 (Carsten Heinz)
\c@lstnumber=\count302
\lst@skipnumbers=\count303
\lst@framebox=\box55
)
(/usr/share/texlive/texmf-dist/tex/latex/listings/listings.cfg
File: listings.cfg 2015/06/04 1.6 listings configuration
))
Package: listings 2015/06/04 1.6 (Carsten Heinz)

(/usr/share/texlive/texmf-dist/tex/latex/graphics/graphicx.sty
Package: graphicx 2017/06/01 v1.1a Enhanced LaTeX Graphics (DPC,SPQR)

(/usr/share/texlive/texmf-dist/tex/latex/graphics/graphics.sty
Package: graphics 2017/06/25 v1.2c Standard LaTeX Graphics (DPC,SPQR)

(/usr/share/texlive/texmf-dist/tex/latex/graphics/trig.sty
Package: trig 2016/01/03 v1.10 sin cos tan (DPC)
)
(/usr/share/texlive/texmf-dist/tex/latex/graphics-cfg/graphics.cfg
File: graphics.cfg 2016/06/04 v1.11 sample graphics configuration
)
Package graphics Info: Driver file: pdftex.def on input line 99.
)
\Gin@req@height=\dimen125
\Gin@req@width=\dimen126
)
Package biblatex Info: Trying to load language 'english'...
Package biblatex Info: ... file 'english.lbx' found.

(/usr/share/texlive/texmf-dist/tex/latex/biblatex/lbx/english.lbx
File: english.lbx 2017/12/19 v3.10 biblatex localization (PK/JW/AB)
)
\@quotelevel=\count304
\@quotereset=\count305
 (./paper.aux)
\openout1 = `paper.aux'.

LaTeX Font Info:    Checking defaults for OML/cmm/m/it on input line 49.
LaTeX Font Info:    ... okay on input line 49.
LaTeX Font Info:    Checking defaults for T1/cmr/m/n on input line 49.
LaTeX Font Info:    ... okay on input line 49.
LaTeX Font Info:    Checking defaults for OT1/cmr/m/n on input line 49.
LaTeX Font Info:    ... okay on input line 49.
LaTeX Font Info:    Checking defaults for OMS/cmsy/m/n on input line 49.
LaTeX Font Info:    ... okay on input line 49.
LaTeX Font Info:    Checking defaults for OMX/cmex/m/n on input line 49.
LaTeX Font Info:    ... okay on input line 49.
LaTeX Font Info:    Checking defaults for U/cmr/m/n on input line 49.
LaTeX Font Info:    ... okay on input line 49.
Package biblatex Info: No input encoding detected.
(biblatex)             Assuming 'ascii'.
Package biblatex Info: Automatic encoding selection.
(biblatex)             Assuming data encoding 'ascii'.
\openout4 = `paper.bcf'.

Package biblatex Info: Trying to load bibliographic data...


Package biblatex Warning: File 'paper.bbl' is wrong format version - expected 2
.9.

Package biblatex Info: ... file 'paper.bbl' found.
(./paper.bbl)
Package biblatex Info: Reference section=0 on input line 49.
Package biblatex Info: Reference segment=0 on input line 49.

(/usr/share/texlive/texmf-dist/tex/context/base/mkii/supp-pdf.mkii
[Loading MPS to PDF converter (version 2006.09.02).]
\scratchcounter=\count306
\scratchdimen=\dimen127
\scratchbox=\box56
\nofMPsegments=\count307
\nofMParguments=\count308
\everyMPshowfont=\toks22
\MPscratchCnt=\count309
\MPscratchDim=\dimen128
\MPnumerator=\count310
\makeMPintoPDFobject=\count311
\everyMPtoPDFconversion=\toks23
) (/usr/share/texlive/texmf-dist/tex/latex/oberdiek/epstopdf-base.sty
Package: epstopdf-base 2016/05/15 v2.6 Base part for package epstopdf

(/usr/share/texlive/texmf-dist/tex/latex/oberdiek/grfext.sty
Package: grfext 2016/05/16 v1.2 Manage graphics extensions (HO)

(/usr/share/texlive/texmf-dist/tex/generic/oberdiek/kvdefinekeys.sty
Package: kvdefinekeys 2016/05/16 v1.4 Define keys (HO)
))
Package epstopdf-base Info: Redefining graphics rule for `.eps' on input line 4
38.
Package grfext Info: Graphics extension search list:
(grfext)             [.pdf,.png,.jpg,.mps,.jpeg,.jbig2,.jb2,.PDF,.PNG,.JPG,.JPE
G,.JBIG2,.JB2,.eps]
(grfext)             \AppendGraphicsExtensions on input line 456.

(/usr/share/texlive/texmf-dist/tex/latex/latexconfig/epstopdf-sys.cfg
File: epstopdf-sys.cfg 2010/07/13 v1.3 Configuration of (r)epstopdf for TeX Liv
e
))
\c@lstlisting=\count312
LaTeX Font Info:    Try loading font information for U+msa on input line 50.

(/usr/share/texlive/texmf-dist/tex/latex/amsfonts/umsa.fd
File: umsa.fd 2013/01/14 v3.01 AMS symbols A
)
LaTeX Font Info:    Try loading font information for U+msb on input line 50.

(/usr/share/texlive/texmf-dist/tex/latex/amsfonts/umsb.fd
File: umsb.fd 2013/01/14 v3.01 AMS symbols B
) [1

{/var/lib/texmf/fonts/map/pdftex/updmap/pdftex.map}]
LaTeX Font Info:    Try loading font information for OMS+cmr on input line 79.

(/usr/share/texlive/texmf-dist/tex/latex/base/omscmr.fd
File: omscmr.fd 2014/09/29 v2.5h Standard LaTeX font definitions
)
LaTeX Font Info:    Font shape `OMS/cmr/m/n' in size <12> not available
(Font)              Font shape `OMS/cmsy/m/n' tried instead on input line 79.
 [2] [3] [4]
(/usr/share/texlive/texmf-dist/tex/latex/listings/lstlang1.sty
File: lstlang1.sty 2015/06/04 1.6 listings language file
)
(/usr/share/texlive/texmf-dist/tex/latex/listings/lstmisc.sty
File: lstmisc.sty 2015/06/04 1.6 (Carsten Heinz)
)
LaTeX Font Info:    Font shape `OMS/cmr/m/n' in size <10> not available
(Font)              Font shape `OMS/cmsy/m/n' tried instead on input line 132.
LaTeX Font Info:    Try loading font information for OML+cmr on input line 133.


(/usr/share/texlive/texmf-dist/tex/latex/base/omlcmr.fd
File: omlcmr.fd 2014/09/29 v2.5h Standard LaTeX font definitions
)
LaTeX Font Info:    Font shape `OML/cmr/m/n' in size <10> not available
(Font)              Font shape `OML/cmm/m/it' tried instead on input line 133.
<./images/is_greater_or_equal_counter_automaton.png, id=29, 1197.47375pt x 219.
82124pt>
File: ./images/is_greater_or_equal_counter_automaton.png Graphic file (type png
)
<use ./images/is_greater_or_equal_counter_automaton.png>
Package pdftex.def Info: ./images/is_greater_or_equal_counter_automaton.png  us
ed on input line 141.
(pdftex.def)             Requested size: 390.0pt x 71.59198pt.
LaTeX Font Info:    Font shape `OML/cmr/m/n' in size <12> not available
(Font)              Font shape `OML/cmm/m/it' tried instead on input line 155.
 [5 <./images/is_greater_or_equal_counter_automaton.png>] [6] [7] [8] [9]
<./images/unfolded_addition.png, id=50, 316.18124pt x 172.39406pt>
File: ./images/unfolded_addition.png Graphic file (type png)
<use ./images/unfolded_addition.png>
Package pdftex.def Info: ./images/unfolded_addition.png  used on input line 259
.
(pdftex.def)             Requested size: 312.00119pt x 170.12611pt.
<./images/folded_addition.png, id=51, 251.43938pt x 103.13531pt>
File: ./images/folded_addition.png Graphic file (type png)
<use ./images/folded_addition.png>
Package pdftex.def Info: ./images/folded_addition.png  used on input line 268.
(pdftex.def)             Requested size: 234.00238pt x 95.9825pt.
 [10 <./images/unfolded_addition.png> <./images/folded_addition.png>] [11] [12]
 [13]
<./images/divide_cleaned.png, id=65, 2620.79124pt x 637.38126pt>
File: ./images/divide_cleaned.png Graphic file (type png)
<use ./images/divide_cleaned.png>
Package pdftex.def Info: ./images/divide_cleaned.png  used on input line 384.
(pdftex.def)             Requested size: 390.0pt x 94.84445pt.
 [14 <./images/divide_cleaned.png>] [15]
<./images/counter_assignment.png, id=73, 371.3875pt x 203.76125pt>
File: ./images/counter_assignment.png Graphic file (type png)
<use ./images/counter_assignment.png>
Package pdftex.def Info: ./images/counter_assignment.png  used on input line 41
8.
(pdftex.def)             Requested size: 187.19833pt x 102.7074pt.
 [16 <./images/counter_assignment.png>]
<./images/test_counter_automaton.png, id=78, 1777.64125pt x 219.82124pt>
File: ./images/test_counter_automaton.png Graphic file (type png)
<use ./images/test_counter_automaton.png>
Package pdftex.def Info: ./images/test_counter_automaton.png  used on input lin
e 452.
(pdftex.def)             Requested size: 390.0pt x 48.22664pt.
 [17 <./images/test_counter_automaton.png>]
Overfull \hbox (39.07356pt too wide) in paragraph at lines 470--471
[]\OT1/cmr/m/n/12 After the in-ner seg-ment, they will all end up at the $\OML/
cmm/m/it/12 end of the iteration statement$
 []

<./images/test2_counter_automaton.png, id=83, 2946.00626pt x 244.915pt>
File: ./images/test2_counter_automaton.png Graphic file (type png)
<use ./images/test2_counter_automaton.png>
Package pdftex.def Info: ./images/test2_counter_automaton.png  used on input li
ne 491.
(pdftex.def)             Requested size: 390.0pt x 32.41931pt.
[18 <./images/test2_counter_automaton.png>]
<./images/inequality_expression.png, id=88, 668.4975pt x 205.76875pt>
File: ./images/inequality_expression.png Graphic file (type png)
<use ./images/inequality_expression.png>
Package pdftex.def Info: ./images/inequality_expression.png  used on input line
 523.
(pdftex.def)             Requested size: 390.0pt x 120.04926pt.
LaTeX Font Info:    Font shape `OML/cmr/m/it' in size <12> not available
(Font)              Font shape `OML/cmm/m/it' tried instead on input line 528.
 [19 <./images/inequality_expression.png>]
<./images/less_than_greater_than.png, id=94, 972.63374pt x 197.73875pt>
File: ./images/less_than_greater_than.png Graphic file (type png)
<use ./images/less_than_greater_than.png>
Package pdftex.def Info: ./images/less_than_greater_than.png  used on input lin
e 556.
(pdftex.def)             Requested size: 390.0pt x 79.2872pt.
 [20 <./images/less_than_greater_than.png>] [21]
Overfull \hbox (46.75304pt too wide) in paragraph at lines 583--583
[]\OT1/cmr/m/n/12 Uli Fahren-berg. ``Higher-Dimensional Timed Au-tomata''. In: 
\OT1/cmr/m/it/12 IFAC-PapersOnLine
 []

Missing character: There is no Ã in font cmr12!
Missing character: There is no ¤ in font cmr12!
[22] (./paper.aux)
Package logreq Info: Writing requests to 'paper.run.xml'.
\openout1 = `paper.run.xml'.

 ) 
Here is how much of TeX's memory you used:
 10763 strings out of 494923
 179565 string characters out of 6180742
 629182 words of memory out of 5000000
 13945 multiletter control sequences out of 15000+600000
 15172 words of font info for 58 fonts, out of 8000000 for 9000
 14 hyphenation exceptions out of 8191
 45i,17n,58p,930b,1284s stack positions out of 5000i,500n,10000p,200000b,80000s
</usr/share/texlive/texmf-dist/fonts/type1/public/amsfonts/cm/cmbx10.pfb></us
r/share/texlive/texmf-dist/fonts/type1/public/amsfonts/cm/cmbx12.pfb></usr/shar
e/texlive/texmf-dist/fonts/type1/public/amsfonts/cm/cmcsc10.pfb></usr/share/tex
live/texmf-dist/fonts/type1/public/amsfonts/cm/cmex10.pfb></usr/share/texlive/t
exmf-dist/fonts/type1/public/amsfonts/cm/cmmi10.pfb></usr/share/texlive/texmf-d
ist/fonts/type1/public/amsfonts/cm/cmmi12.pfb></usr/share/texlive/texmf-dist/fo
nts/type1/public/amsfonts/cm/cmmi8.pfb></usr/share/texlive/texmf-dist/fonts/typ
e1/public/amsfonts/cm/cmr10.pfb></usr/share/texlive/texmf-dist/fonts/type1/publ
ic/amsfonts/cm/cmr12.pfb></usr/share/texlive/texmf-dist/fonts/type1/public/amsf
onts/cm/cmr17.pfb></usr/share/texlive/texmf-dist/fonts/type1/public/amsfonts/cm
/cmr6.pfb></usr/share/texlive/texmf-dist/fonts/type1/public/amsfonts/cm/cmr8.pf
b></usr/share/texlive/texmf-dist/fonts/type1/public/amsfonts/cm/cmsl12.pfb></us
r/share/texlive/texmf-dist/fonts/type1/public/amsfonts/cm/cmsy10.pfb></usr/shar
e/texlive/texmf-dist/fonts/type1/public/amsfonts/cm/cmsy8.pfb></usr/share/texli
ve/texmf-dist/fonts/type1/public/amsfonts/cm/cmti12.pfb></usr/share/texlive/tex
mf-dist/fonts/type1/public/amsfonts/cm/cmtt12.pfb></usr/share/texlive/texmf-dis
t/fonts/type1/public/amsfonts/symbols/msbm10.pfb>
Output written on paper.pdf (22 pages, 610400 bytes).
PDF statistics:
 165 PDF objects out of 1000 (max. 8388607)
 105 compressed objects within 2 object streams
 0 named destinations out of 1000 (max. 500000)
 46 words of extra memory for PDF output out of 10000 (max. 10000000)

